2023/10/27 06:30:18 AzcopyVersion  10.20.1
2023/10/27 06:30:18 OS-Environment  windows
2023/10/27 06:30:18 OS-Architecture  amd64
2023/10/27 06:30:18 Log times are in UTC. Local time is 27 Oct 2023 01:30:18
2023/10/27 06:30:19 ISO 8601 START TIME: to copy files that changed before or after this job started, use the parameter --include-before=2023-10-27T06:30:13Z or --include-after=2023-10-27T06:30:13Z
2023/10/27 06:30:19 Any empty folders will not be processed, because source and/or destination doesn't have full folder support
2023/10/27 06:30:19 Job-Command copy C:\__KCKM\__DEV__23X1\2022 CDT Chart.pdf https://enterprisedatalakedev.blob.core.windows.net/enterprisedata/Raw/Payroll/PortalPayRateChange/Enterprise/ADPPortal/csv/2022%20CDT%20Chart.pdf?sdd=6&se=2024-10-10t21%3A49%3A23z&sig=-REDACTED-&sp=racwle&spr=https&sr=d&st=2023-10-10t13%3A49%3A23z&sv=2022-11-02 --output-type=json --cancel-from-stdin --overwrite=prompt --from-to=LocalBlob --blob-type BlockBlob --follow-symlinks --check-length=true --put-md5 --follow-symlinks --disable-auto-decoding=false --recursive --log-level=INFO 
2023/10/27 06:30:19 Number of CPUs: 4
2023/10/27 06:30:19 Max file buffer RAM 2.000 GB
2023/10/27 06:30:19 Max concurrent network operations:  will be dynamically tuned up to 3000 (Based on auto-tuning limit. Set AZCOPY_CONCURRENCY_VALUE environment variable to override)
2023/10/27 06:30:19 Check CPU usage when dynamically tuning concurrency: true (Based on hard-coded default. Set AZCOPY_TUNE_TO_CPU environment variable to true or false override)
2023/10/27 06:30:19 Max concurrent transfer initiation routines: 64 (Based on hard-coded default. Set AZCOPY_CONCURRENT_FILES environment variable to override)
2023/10/27 06:30:19 Max enumeration routines: 16 (Based on hard-coded default. Set AZCOPY_CONCURRENT_SCAN environment variable to override)
2023/10/27 06:30:19 Parallelize getting file properties (file.Stat): false (Based on AZCOPY_PARALLEL_STAT_FILES environment variable)
2023/10/27 06:30:19 Max open files when downloading: 2147479959 (auto-computed)
2023/10/27 06:30:19 Final job part has been created
2023/10/27 06:30:19 Trying 4 concurrent connections (initial starting point)
2023/10/27 06:30:19 JobID=051cdaeb-74e4-144e-7a88-8fd70d97f4aa, credential type: Anonymous
2023/10/27 06:30:19 Final job part has been scheduled
2023/10/27 06:30:19 INFO: [P#0-T#0] Starting transfer: Source "\\\\?\\C:\\__KCKM\\__DEV__23X1\\2022 CDT Chart.pdf" Destination "https://enterprisedatalakedev.blob.core.windows.net/enterprisedata/Raw/Payroll/PortalPayRateChange/Enterprise/ADPPortal/csv/2022%20CDT%20Chart.pdf?sdd=6&se=2024-10-10T21%3A49%3A23Z&sig=-REDACTED-&sp=racwle&spr=https&sr=d&st=2023-10-10T13%3A49%3A23Z&sv=2022-11-02". Specified chunk size 8388608
2023/10/27 06:30:19 ==> REQUEST/RESPONSE (Try=1/52.5296ms, OpTime=328.0301ms) -- RESPONSE SUCCESSFULLY RECEIVED
   HEAD https://enterprisedatalakedev.blob.core.windows.net/enterprisedata/Raw/Payroll/PortalPayRateChange/Enterprise/ADPPortal/csv/2022%20CDT%20Chart.pdf?sdd=6&se=2024-10-10T21%3A49%3A23Z&sig=-REDACTED-&sp=racwle&spr=https&sr=d&st=2023-10-10T13%3A49%3A23Z&sv=2022-11-02&timeout=901
   X-Ms-Request-Id: [7b70d819-101e-002e-099f-08d469000000]

2023/10/27 06:30:20 ==> REQUEST/RESPONSE (Try=1/90.0628ms, OpTime=407.7265ms) -- RESPONSE SUCCESSFULLY RECEIVED
   PUT https://enterprisedatalakedev.blob.core.windows.net/enterprisedata/Raw/Payroll/PortalPayRateChange/Enterprise/ADPPortal/csv/2022%20CDT%20Chart.pdf?sdd=6&se=2024-10-10T21%3A49%3A23Z&sig=-REDACTED-&sp=racwle&spr=https&sr=d&st=2023-10-10T13%3A49%3A23Z&sv=2022-11-02&timeout=901
   X-Ms-Request-Id: [7b70d857-101e-002e-429f-08d469000000]

2023/10/27 06:30:20 ==> REQUEST/RESPONSE (Try=1/37.3219ms, OpTime=37.3219ms) -- RESPONSE SUCCESSFULLY RECEIVED
   HEAD https://enterprisedatalakedev.blob.core.windows.net/enterprisedata/Raw/Payroll/PortalPayRateChange/Enterprise/ADPPortal/csv/2022%20CDT%20Chart.pdf?sdd=6&se=2024-10-10T21%3A49%3A23Z&sig=-REDACTED-&sp=racwle&spr=https&sr=d&st=2023-10-10T13%3A49%3A23Z&sv=2022-11-02&timeout=901
   X-Ms-Request-Id: [7b70d930-101e-002e-0e9f-08d469000000]

2023/10/27 06:30:20 INFO: [P#0-T#0] UPLOADSUCCESSFUL: https://enterprisedatalakedev.blob.core.windows.net/enterprisedata/Raw/Payroll/PortalPayRateChange/Enterprise/ADPPortal/csv/2022%20CDT%20Chart.pdf
2023/10/27 06:30:20 JobID=051cdaeb-74e4-144e-7a88-8fd70d97f4aa, Part#=0, TransfersDone=1 of 1
2023/10/27 06:30:20 all parts of entire Job 051cdaeb-74e4-144e-7a88-8fd70d97f4aa successfully completed, cancelled or paused
2023/10/27 06:30:20 is part of Job which 1 total number of parts done 
2023/10/27 06:30:21 PERF: primary performance constraint is Unknown. States: X:  0, O:  0, M:  0, L:  0, R:  0, D:  0, W:  0, F:  0, B:  0, E:  0, T:  0, GRs:  4
2023/10/27 06:30:21 100.0 %, 1 Done, 0 Failed, 0 Pending, 0 Skipped, 1 Total, 2-sec Throughput (Mb/s): 4.8211
