2023/10/25 19:17:44 AzcopyVersion  10.21.0
2023/10/25 19:17:44 OS-Environment  windows
2023/10/25 19:17:44 OS-Architecture  amd64
2023/10/25 19:17:44 Log times are in UTC. Local time is 25 Oct 2023 14:17:44
2023/10/25 19:17:44 ISO 8601 START TIME: to copy files that changed before or after this job started, use the parameter --include-before=2023-10-25T19:17:39Z or --include-after=2023-10-25T19:17:39Z
2023/10/25 19:17:44 Any empty folders will not be processed, because source and/or destination doesn't have full folder support
2023/10/25 19:17:44 Job-Command copy C:\Temp\ADP_MSS_kckustomac\completed_20231025.csv https://enterprisedatalakedev.blob.core.windows.net/enterprisedata/Raw/Payroll/PortalPayRateChange/Enterprise/ADPPortal/csv/?sdd=6&se=2024-10-10t21%3A49%3A23z&sig=-REDACTED-&sp=racwle&spr=https&sr=d&st=2023-10-10t13%3A49%3A23z&sv=2022-11-02 --overwrite=true --from-to=LocalBlob --blob-type BlockBlob --follow-symlinks --check-length=true --put-md5 --follow-symlinks --disable-auto-decoding=false --recursive --log-level=INFO 
2023/10/25 19:17:44 Number of CPUs: 4
2023/10/25 19:17:44 Max file buffer RAM 2.000 GB
2023/10/25 19:17:44 Max concurrent network operations: 32 (Based on number of CPUs. Set AZCOPY_CONCURRENCY_VALUE environment variable to override)
2023/10/25 19:17:44 Check CPU usage when dynamically tuning concurrency: true (Based on hard-coded default. Set AZCOPY_TUNE_TO_CPU environment variable to true or false override)
2023/10/25 19:17:44 Max concurrent transfer initiation routines: 64 (Based on hard-coded default. Set AZCOPY_CONCURRENT_FILES environment variable to override)
2023/10/25 19:17:44 Max enumeration routines: 16 (Based on hard-coded default. Set AZCOPY_CONCURRENT_SCAN environment variable to override)
2023/10/25 19:17:44 Parallelize getting file properties (file.Stat): false (Based on AZCOPY_PARALLEL_STAT_FILES environment variable)
2023/10/25 19:17:44 Max open files when downloading: 2147483224 (auto-computed)
2023/10/25 19:17:44 Final job part has been created
2023/10/25 19:17:44 JobID=071030f4-5a0f-6043-447b-3fd0fcdab1b6, credential type: Anonymous
2023/10/25 19:17:44 Final job part has been scheduled
2023/10/25 19:17:44 INFO: [P#0-T#0] Starting transfer: Source "\\\\?\\C:\\Temp\\ADP_MSS_kckustomac\\completed_20231025.csv" Destination "https://enterprisedatalakedev.blob.core.windows.net/enterprisedata/Raw/Payroll/PortalPayRateChange/Enterprise/ADPPortal/csv/completed_20231025.csv?sdd=6&se=2024-10-10T21%3A49%3A23Z&sig=-REDACTED-&sp=racwle&spr=https&sr=d&st=2023-10-10T13%3A49%3A23Z&sv=2022-11-02". Specified chunk size 8388608
2023/10/25 19:17:45 ==> REQUEST/RESPONSE (Try=1/35.9778ms, OpTime=420.1475ms) -- RESPONSE STATUS CODE ERROR
   PUT https://enterprisedatalakedev.blob.core.windows.net/enterprisedata/Raw/Payroll/PortalPayRateChange/Enterprise/ADPPortal/csv/completed_20231025.csv?sdd=6&se=2024-10-10T21%3A49%3A23Z&sig=-REDACTED-&sp=racwle&spr=https&sr=d&st=2023-10-10T13%3A49%3A23Z&sv=2022-11-02
   Accept: application/xml
   Content-Length: 8356
   Content-Type: application/octet-stream
   User-Agent: AzCopy/10.21.0 azsdk-go-azblob/v1.1.0 (go1.19.12; Windows_NT)
   X-Ms-Client-Request-Id: d89c1625-5c40-4473-5533-451069d0d84f
   x-ms-access-tier: 
   x-ms-blob-cache-control: 
   x-ms-blob-content-disposition: 
   x-ms-blob-content-encoding: 
   x-ms-blob-content-language: 
   x-ms-blob-content-md5: 
   x-ms-blob-content-type: 
   x-ms-blob-type: 
   x-ms-version: 
   --------------------------------------------------------------------------------
   RESPONSE Status: 403 Server failed to authenticate the request. Make sure the value of Authorization header is formed correctly including the signature.
   Content-Length: 408
   Content-Type: application/xml
   Date: Wed, 25 Oct 2023 19:17:44 GMT
   Server: Microsoft-HTTPAPI/2.0
   X-Ms-Error-Code: AuthenticationFailed
   X-Ms-Request-Id: 4fe46fb0-701e-0075-5177-07ed52000000
Response Details: ﻿<Code>AuthenticationFailed</Code><Message>Server failed to authenticate the request. Make sure the value of Authorization header is formed correctly including the signature. </Message><AuthenticationErrorDetail>Signature fields not well formed.</AuthenticationErrorDetail>

2023/10/25 19:17:45 ERR: [P#0-T#0] UPLOADFAILED: \\?\C:\Temp\ADP_MSS_kckustomac\completed_20231025.csv : 403 : 403 Server failed to authenticate the request. Make sure the value of Authorization header is formed correctly including the signature.. When Uploading blob. X-Ms-Request-Id: 4fe46fb0-701e-0075-5177-07ed52000000

   Dst: https://enterprisedatalakedev.blob.core.windows.net/enterprisedata/Raw/Payroll/PortalPayRateChange/Enterprise/ADPPortal/csv/completed_20231025.csv?sdd=6&se=2024-10-10T21%3A49%3A23Z&sig=-REDACTED-&sp=racwle&spr=https&sr=d&st=2023-10-10T13%3A49%3A23Z&sv=2022-11-02
2023/10/25 19:17:45 JobID=071030f4-5a0f-6043-447b-3fd0fcdab1b6 canceled
2023/10/25 19:17:45 all parts of entire Job 071030f4-5a0f-6043-447b-3fd0fcdab1b6 successfully completed, cancelled or paused
2023/10/25 19:17:45 all parts of entire Job 071030f4-5a0f-6043-447b-3fd0fcdab1b6 successfully cancelled
2023/10/25 19:17:45 is part of Job which 1 total number of parts done 
