2023/10/25 21:00:20 AzcopyVersion  10.21.0
2023/10/25 21:00:20 OS-Environment  windows
2023/10/25 21:00:20 OS-Architecture  amd64
2023/10/25 21:00:20 Log times are in UTC. Local time is 25 Oct 2023 16:00:20
2023/10/25 21:00:20 ISO 8601 START TIME: to copy files that changed before or after this job started, use the parameter --include-before=2023-10-25T21:00:15Z or --include-after=2023-10-25T21:00:15Z
2023/10/25 21:00:20 Any empty folders will not be processed, because source and/or destination doesn't have full folder support
2023/10/25 21:00:20 Job-Command copy C:\Temp\ADP_MSS_kckustomac\pending_20231025.csv https://enterprisedatalakedev.blob.core.windows.net/enterprisedata/Raw/Payroll/PortalPayRateChange/Enterprise/ADPPortal/csv/pending_20231025.csv?sdd=6&se=2024-10-10t21%3A49%3A23z&sig=-REDACTED-&sp=racwle&spr=https&sr=d&st=2023-10-10t13%3A49%3A23z&sv=2022-11-02 --overwrite=true --from-to=LocalBlob --blob-type BlockBlob --log-level=INFO 
2023/10/25 21:00:20 Number of CPUs: 4
2023/10/25 21:00:20 Max file buffer RAM 2.000 GB
2023/10/25 21:00:20 Max concurrent network operations: 32 (Based on number of CPUs. Set AZCOPY_CONCURRENCY_VALUE environment variable to override)
2023/10/25 21:00:20 Check CPU usage when dynamically tuning concurrency: true (Based on hard-coded default. Set AZCOPY_TUNE_TO_CPU environment variable to true or false override)
2023/10/25 21:00:20 Max concurrent transfer initiation routines: 64 (Based on hard-coded default. Set AZCOPY_CONCURRENT_FILES environment variable to override)
2023/10/25 21:00:20 Max enumeration routines: 16 (Based on hard-coded default. Set AZCOPY_CONCURRENT_SCAN environment variable to override)
2023/10/25 21:00:20 Parallelize getting file properties (file.Stat): false (Based on AZCOPY_PARALLEL_STAT_FILES environment variable)
2023/10/25 21:00:20 Max open files when downloading: 2147483224 (auto-computed)
2023/10/25 21:00:20 Final job part has been created
2023/10/25 21:00:20 JobID=1ce6469b-7087-7243-66d2-4efaa1f8d5fc, credential type: Anonymous
2023/10/25 21:00:20 Final job part has been scheduled
2023/10/25 21:00:21 INFO: [P#0-T#0] Starting transfer: Source "\\\\?\\C:\\Temp\\ADP_MSS_kckustomac\\pending_20231025.csv" Destination "https://enterprisedatalakedev.blob.core.windows.net/enterprisedata/Raw/Payroll/PortalPayRateChange/Enterprise/ADPPortal/csv/pending_20231025.csv?sdd=6&se=2024-10-10T21%3A49%3A23Z&sig=-REDACTED-&sp=racwle&spr=https&sr=d&st=2023-10-10T13%3A49%3A23Z&sv=2022-11-02". Specified chunk size 8388608
2023/10/25 21:00:21 ==> REQUEST/RESPONSE (Try=1/68.0422ms, OpTime=436.1731ms) -- RESPONSE SUCCESSFULLY RECEIVED
   PUT https://enterprisedatalakedev.blob.core.windows.net/enterprisedata/Raw/Payroll/PortalPayRateChange/Enterprise/ADPPortal/csv/pending_20231025.csv?sdd=6&se=2024-10-10T21%3A49%3A23Z&sig=-REDACTED-&sp=racwle&spr=https&sr=d&st=2023-10-10T13%3A49%3A23Z&sv=2022-11-02
   X-Ms-Request-Id: [22772ae6-e01e-002a-7b86-07596e000000]

2023/10/25 21:00:21 ==> REQUEST/RESPONSE (Try=1/41.007ms, OpTime=41.007ms) -- RESPONSE SUCCESSFULLY RECEIVED
   HEAD https://enterprisedatalakedev.blob.core.windows.net/enterprisedata/Raw/Payroll/PortalPayRateChange/Enterprise/ADPPortal/csv/pending_20231025.csv?sdd=6&se=2024-10-10T21%3A49%3A23Z&sig=-REDACTED-&sp=racwle&spr=https&sr=d&st=2023-10-10T13%3A49%3A23Z&sv=2022-11-02
   X-Ms-Request-Id: [22772b15-e01e-002a-2386-07596e000000]

2023/10/25 21:00:21 INFO: [P#0-T#0] UPLOADSUCCESSFUL: https://enterprisedatalakedev.blob.core.windows.net/enterprisedata/Raw/Payroll/PortalPayRateChange/Enterprise/ADPPortal/csv/pending_20231025.csv
2023/10/25 21:00:21 JobID=1ce6469b-7087-7243-66d2-4efaa1f8d5fc, Part#=0, TransfersDone=1 of 1
2023/10/25 21:00:21 all parts of entire Job 1ce6469b-7087-7243-66d2-4efaa1f8d5fc successfully completed, cancelled or paused
2023/10/25 21:00:21 is part of Job which 1 total number of parts done 
2023/10/25 21:00:22 PERF: primary performance constraint is Unknown. States: X:  0, O:  0, M:  0, L:  0, R:  0, D:  0, W:  0, F:  0, B:  0, E:  0, T:  0, GRs: 32
2023/10/25 21:00:22 100.0 %, 1 Done, 0 Failed, 0 Pending, 0 Skipped, 1 Total, 2-sec Throughput (Mb/s): 0.0113
2023/10/25 21:00:22 

Diagnostic stats:
IOPS: 0
End-to-end ms per request: 238
Network Errors: 0.00%
Server Busy: 0.00%


Job 1ce6469b-7087-7243-66d2-4efaa1f8d5fc summary
Elapsed Time (Minutes): 0.0333
Number of File Transfers: 1
Number of Folder Property Transfers: 0
Number of Symlink Transfers: 0
Total Number of Transfers: 1
Number of File Transfers Completed: 1
Number of Folder Transfers Completed: 0
Number of File Transfers Failed: 0
Number of Folder Transfers Failed: 0
Number of File Transfers Skipped: 0
Number of Folder Transfers Skipped: 0
TotalBytesTransferred: 2833
Final Job Status: Completed

