2023/10/25 21:12:30 AzcopyVersion  10.21.0
2023/10/25 21:12:30 OS-Environment  windows
2023/10/25 21:12:30 OS-Architecture  amd64
2023/10/25 21:12:30 Log times are in UTC. Local time is 25 Oct 2023 16:12:30
2023/10/25 21:12:30 ISO 8601 START TIME: to copy files that changed before or after this job started, use the parameter --include-before=2023-10-25T21:12:25Z or --include-after=2023-10-25T21:12:25Z
2023/10/25 21:12:30 Any empty folders will not be processed, because source and/or destination doesn't have full folder support
2023/10/25 21:12:30 Job-Command copy C:\Temp\ADP_MSS_kckustomac\completed_20231025.csv https://enterprisedatalakedev.blob.core.windows.net/enterprisedata/Raw/Payroll/PortalPayRateChange/Enterprise/ADPPortal/csv/completed_20231025.csv?sdd=6&se=2024-10-10t21%3A49%3A23z&sig=-REDACTED-&sp=racwle&spr=https&sr=d&st=2023-10-10t13%3A49%3A23z&sv=2022-11-02 --overwrite=true --from-to=LocalBlob --blob-type BlockBlob --log-level=INFO 
2023/10/25 21:12:30 Number of CPUs: 4
2023/10/25 21:12:30 Max file buffer RAM 2.000 GB
2023/10/25 21:12:30 Max concurrent network operations: 32 (Based on number of CPUs. Set AZCOPY_CONCURRENCY_VALUE environment variable to override)
2023/10/25 21:12:30 Check CPU usage when dynamically tuning concurrency: true (Based on hard-coded default. Set AZCOPY_TUNE_TO_CPU environment variable to true or false override)
2023/10/25 21:12:30 Max concurrent transfer initiation routines: 64 (Based on hard-coded default. Set AZCOPY_CONCURRENT_FILES environment variable to override)
2023/10/25 21:12:30 Max enumeration routines: 16 (Based on hard-coded default. Set AZCOPY_CONCURRENT_SCAN environment variable to override)
2023/10/25 21:12:30 Parallelize getting file properties (file.Stat): false (Based on AZCOPY_PARALLEL_STAT_FILES environment variable)
2023/10/25 21:12:30 Max open files when downloading: 2147483224 (auto-computed)
2023/10/25 21:12:30 Final job part has been created
2023/10/25 21:12:30 JobID=1d673459-947a-da43-4cc5-77c10318fba4, credential type: Anonymous
2023/10/25 21:12:30 Final job part has been scheduled
2023/10/25 21:12:30 INFO: [P#0-T#0] Starting transfer: Source "\\\\?\\C:\\Temp\\ADP_MSS_kckustomac\\completed_20231025.csv" Destination "https://enterprisedatalakedev.blob.core.windows.net/enterprisedata/Raw/Payroll/PortalPayRateChange/Enterprise/ADPPortal/csv/completed_20231025.csv?sdd=6&se=2024-10-10T21%3A49%3A23Z&sig=-REDACTED-&sp=racwle&spr=https&sr=d&st=2023-10-10T13%3A49%3A23Z&sv=2022-11-02". Specified chunk size 8388608
2023/10/25 21:12:31 ==> REQUEST/RESPONSE (Try=1/72.9644ms, OpTime=486.4437ms) -- RESPONSE SUCCESSFULLY RECEIVED
   PUT https://enterprisedatalakedev.blob.core.windows.net/enterprisedata/Raw/Payroll/PortalPayRateChange/Enterprise/ADPPortal/csv/completed_20231025.csv?sdd=6&se=2024-10-10T21%3A49%3A23Z&sig=-REDACTED-&sp=racwle&spr=https&sr=d&st=2023-10-10T13%3A49%3A23Z&sv=2022-11-02
   X-Ms-Request-Id: [d9d64cdc-501e-005d-2f87-078cfa000000]

2023/10/25 21:12:31 ==> REQUEST/RESPONSE (Try=1/40.491ms, OpTime=40.491ms) -- RESPONSE SUCCESSFULLY RECEIVED
   HEAD https://enterprisedatalakedev.blob.core.windows.net/enterprisedata/Raw/Payroll/PortalPayRateChange/Enterprise/ADPPortal/csv/completed_20231025.csv?sdd=6&se=2024-10-10T21%3A49%3A23Z&sig=-REDACTED-&sp=racwle&spr=https&sr=d&st=2023-10-10T13%3A49%3A23Z&sv=2022-11-02
   X-Ms-Request-Id: [d9d64d3a-501e-005d-0a87-078cfa000000]

2023/10/25 21:12:31 INFO: [P#0-T#0] UPLOADSUCCESSFUL: https://enterprisedatalakedev.blob.core.windows.net/enterprisedata/Raw/Payroll/PortalPayRateChange/Enterprise/ADPPortal/csv/completed_20231025.csv
2023/10/25 21:12:31 JobID=1d673459-947a-da43-4cc5-77c10318fba4, Part#=0, TransfersDone=1 of 1
2023/10/25 21:12:31 all parts of entire Job 1d673459-947a-da43-4cc5-77c10318fba4 successfully completed, cancelled or paused
2023/10/25 21:12:31 is part of Job which 1 total number of parts done 
2023/10/25 21:12:32 PERF: primary performance constraint is Unknown. States: X:  0, O:  0, M:  0, L:  0, R:  0, D:  0, W:  0, F:  0, B:  0, E:  0, T:  0, GRs: 32
2023/10/25 21:12:32 100.0 %, 1 Done, 0 Failed, 0 Pending, 0 Skipped, 1 Total, 2-sec Throughput (Mb/s): 0.0334
2023/10/25 21:12:32 

Diagnostic stats:
IOPS: 0
End-to-end ms per request: 263
Network Errors: 0.00%
Server Busy: 0.00%


Job 1d673459-947a-da43-4cc5-77c10318fba4 summary
Elapsed Time (Minutes): 0.0333
Number of File Transfers: 1
Number of Folder Property Transfers: 0
Number of Symlink Transfers: 0
Total Number of Transfers: 1
Number of File Transfers Completed: 1
Number of Folder Transfers Completed: 0
Number of File Transfers Failed: 0
Number of Folder Transfers Failed: 0
Number of File Transfers Skipped: 0
Number of Folder Transfers Skipped: 0
TotalBytesTransferred: 8356
Final Job Status: Completed

