2023/11/25 00:55:25 AzcopyVersion  10.20.1
2023/11/25 00:55:25 OS-Environment  windows
2023/11/25 00:55:25 OS-Architecture  amd64
2023/11/25 00:55:25 Log times are in UTC. Local time is 24 Nov 2023 18:55:25
2023/11/25 00:55:27 ISO 8601 START TIME: to copy files that changed before or after this job started, use the parameter --include-before=2023-11-25T00:55:20Z or --include-after=2023-11-25T00:55:20Z
2023/11/25 00:55:30 Any empty folders will not be processed, because source and/or destination doesn't have full folder support
2023/11/25 00:55:30 Job-Command copy https://digopsadevstorage.blob.core.windows.net/telemetry-logs/site-5de96da3-d0a3-4681-b553-e87e49ce8b48-USw/2023/11/25/00/78ad2c-252176.applicationLog.csv?se=2030-11-25t06%3A55%3A09z&sig=-REDACTED-&sp=rwdlacupyx&spr=https%2Chttp&srt=sco&ss=bfqt&st=2023-11-24t22%3A55%3A09z&sv=2022-11-02 C:\Users\KCKUST~1\AppData\Local\Temp\17008737256231\78ad2c-252176.applicationLog.csv --output-type=json --cancel-from-stdin --overwrite=prompt --check-md5 FailIfDifferent --from-to=BlobLocal --blob-type BlockBlob --recursive --log-level=INFO 
2023/11/25 00:55:30 Number of CPUs: 4
2023/11/25 00:55:30 Max file buffer RAM 2.000 GB
2023/11/25 00:55:30 Max concurrent network operations:  will be dynamically tuned up to 3000 (Based on auto-tuning limit. Set AZCOPY_CONCURRENCY_VALUE environment variable to override)
2023/11/25 00:55:30 Check CPU usage when dynamically tuning concurrency: true (Based on hard-coded default. Set AZCOPY_TUNE_TO_CPU environment variable to true or false override)
2023/11/25 00:55:30 Max concurrent transfer initiation routines: 64 (Based on hard-coded default. Set AZCOPY_CONCURRENT_FILES environment variable to override)
2023/11/25 00:55:30 Max enumeration routines: 16 (Based on hard-coded default. Set AZCOPY_CONCURRENT_SCAN environment variable to override)
2023/11/25 00:55:30 Parallelize getting file properties (file.Stat): false (Based on AZCOPY_PARALLEL_STAT_FILES environment variable)
2023/11/25 00:55:30 Max open files when downloading: 2147479959 (auto-computed)
2023/11/25 00:55:30 Final job part has been created
2023/11/25 00:55:30 Trying 4 concurrent connections (initial starting point)
2023/11/25 00:55:30 JobID=1f188824-788a-2e4f-4015-7cd9d4642b5d, credential type: Anonymous
2023/11/25 00:55:30 Final job part has been scheduled
2023/11/25 00:55:31 ==> REQUEST/RESPONSE (Try=1/273.6437ms, OpTime=865.3113ms) -- RESPONSE SUCCESSFULLY RECEIVED
   GET https://digopsadevstorage.blob.core.windows.net/telemetry-logs/site-5de96da3-d0a3-4681-b553-e87e49ce8b48-USw/2023/11/25/00/78ad2c-252176.applicationLog.csv?se=2030-11-25T06%3A55%3A09Z&sig=-REDACTED-&sp=rwdlacupyx&spr=https%2Chttp&srt=sco&ss=bfqt&st=2023-11-24T22%3A55%3A09Z&sv=2022-11-02&timeout=901
   X-Ms-Request-Id: [74300008-601e-003f-043a-1f1e25000000]

2023/11/25 00:55:32 PERF: primary performance constraint is Unknown. States: C:  0, R:  0, W:  0, F:  0, H:  0, B:  1, S:  0, P:  0, Q:  0, D:  0, E:  0, T:  1, GRs:  4
2023/11/25 00:55:32 0.0 %, 0 Done, 0 Failed, 1 Pending, 0 Skipped, 1 Total, 2-sec Throughput (Mb/s): 1.9749
2023/11/25 00:55:33 WARN: [P#0-T#0] https://digopsadevstorage.blob.core.windows.net/telemetry-logs/site-5de96da3-d0a3-4681-b553-e87e49ce8b48-USw/2023/11/25/00/78ad2c-252176.applicationLog.csv?se=2030-11-25T06%3A55%3A09Z&sig=-REDACTED-&sp=rwdlacupyx&spr=https%2Chttp&srt=sco&ss=bfqt&st=2023-11-24T22%3A55%3A09Z&sv=2022-11-02 no MD5 was stored in the Blob/File service against this file. So the downloaded data cannot be MD5-validated. Dst: \\?\C:\Users\KCKUST~1\AppData\Local\Temp\17008737256231\78ad2c-252176.applicationLog.csv
2023/11/25 00:55:33 INFO: [P#0-T#0] DOWNLOADSUCCESSFUL: \\?\C:\Users\KCKUST~1\AppData\Local\Temp\17008737256231\78ad2c-252176.applicationLog.csv
2023/11/25 00:55:33 JobID=1f188824-788a-2e4f-4015-7cd9d4642b5d, Part#=0, TransfersDone=1 of 1
2023/11/25 00:55:33 all parts of entire Job 1f188824-788a-2e4f-4015-7cd9d4642b5d successfully completed, cancelled or paused
2023/11/25 00:55:33 is part of Job which 1 total number of parts done 
2023/11/25 00:55:34 PERF: primary performance constraint is Unknown. States: C:  0, R:  0, W:  0, F:  0, H:  0, B:  0, S:  0, P:  0, Q:  0, D:  0, E:  0, T:  0, GRs:  4
2023/11/25 00:55:34 100.0 %, 1 Done, 0 Failed, 0 Pending, 0 Skipped, 1 Total, 
