2023/10/31 02:31:31 AzcopyVersion  10.21.0
2023/10/31 02:31:31 OS-Environment  windows
2023/10/31 02:31:31 OS-Architecture  amd64
2023/10/31 02:31:31 Log times are in UTC. Local time is 30 Oct 2023 21:31:31
2023/10/31 02:31:31 ISO 8601 START TIME: to copy files that changed before or after this job started, use the parameter --include-before=2023-10-31T02:31:26Z or --include-after=2023-10-31T02:31:26Z
2023/10/31 02:31:31 Any empty folders will not be processed, because source and/or destination doesn't have full folder support
2023/10/31 02:31:31 Job-Command copy C:\Temp\ADP_MSS_kckustomac\pending_20231030.csv https://enterprisedatalakedev.blob.core.windows.net/enterprisedata/Raw/Payroll/PortalPayRateChange/Enterprise/ADPPortal/csv/pending_20231030.csv?sdd=6&se=2024-10-10t21%3A49%3A23z&sig=-REDACTED-&sp=racwle&spr=https&sr=d&st=2023-10-10t13%3A49%3A23z&sv=2022-11-02 --overwrite=true --from-to=LocalBlob --blob-type BlockBlob --follow-symlinks --check-length=true --put-md5 --log-level=INFO 
2023/10/31 02:31:31 Number of CPUs: 4
2023/10/31 02:31:31 Max file buffer RAM 2.000 GB
2023/10/31 02:31:31 Max concurrent network operations: 32 (Based on number of CPUs. Set AZCOPY_CONCURRENCY_VALUE environment variable to override)
2023/10/31 02:31:31 Check CPU usage when dynamically tuning concurrency: true (Based on hard-coded default. Set AZCOPY_TUNE_TO_CPU environment variable to true or false override)
2023/10/31 02:31:31 Max concurrent transfer initiation routines: 64 (Based on hard-coded default. Set AZCOPY_CONCURRENT_FILES environment variable to override)
2023/10/31 02:31:31 Max enumeration routines: 16 (Based on hard-coded default. Set AZCOPY_CONCURRENT_SCAN environment variable to override)
2023/10/31 02:31:31 Parallelize getting file properties (file.Stat): false (Based on AZCOPY_PARALLEL_STAT_FILES environment variable)
2023/10/31 02:31:31 Max open files when downloading: 2147483224 (auto-computed)
2023/10/31 02:31:31 Final job part has been created
2023/10/31 02:31:31 JobID=1f7e7606-8d55-4841-72b7-3048c40a9651, credential type: Anonymous
2023/10/31 02:31:31 Final job part has been scheduled
2023/10/31 02:31:31 INFO: [P#0-T#0] Starting transfer: Source "\\\\?\\C:\\Temp\\ADP_MSS_kckustomac\\pending_20231030.csv" Destination "https://enterprisedatalakedev.blob.core.windows.net/enterprisedata/Raw/Payroll/PortalPayRateChange/Enterprise/ADPPortal/csv/pending_20231030.csv?sdd=6&se=2024-10-10T21%3A49%3A23Z&sig=-REDACTED-&sp=racwle&spr=https&sr=d&st=2023-10-10T13%3A49%3A23Z&sv=2022-11-02". Specified chunk size 8388608
2023/10/31 02:31:32 ==> REQUEST/RESPONSE (Try=1/72.0065ms, OpTime=189.8891ms) -- RESPONSE SUCCESSFULLY RECEIVED
   PUT https://enterprisedatalakedev.blob.core.windows.net/enterprisedata/Raw/Payroll/PortalPayRateChange/Enterprise/ADPPortal/csv/pending_20231030.csv?sdd=6&se=2024-10-10T21%3A49%3A23Z&sig=-REDACTED-&sp=racwle&spr=https&sr=d&st=2023-10-10T13%3A49%3A23Z&sv=2022-11-02
   X-Ms-Request-Id: [be00cdbb-601e-0046-35a2-0bb2f9000000]

2023/10/31 02:31:32 ==> REQUEST/RESPONSE (Try=1/37.0483ms, OpTime=37.0483ms) -- RESPONSE SUCCESSFULLY RECEIVED
   HEAD https://enterprisedatalakedev.blob.core.windows.net/enterprisedata/Raw/Payroll/PortalPayRateChange/Enterprise/ADPPortal/csv/pending_20231030.csv?sdd=6&se=2024-10-10T21%3A49%3A23Z&sig=-REDACTED-&sp=racwle&spr=https&sr=d&st=2023-10-10T13%3A49%3A23Z&sv=2022-11-02
   X-Ms-Request-Id: [be00cdd6-601e-0046-4ca2-0bb2f9000000]

2023/10/31 02:31:32 INFO: [P#0-T#0] UPLOADSUCCESSFUL: https://enterprisedatalakedev.blob.core.windows.net/enterprisedata/Raw/Payroll/PortalPayRateChange/Enterprise/ADPPortal/csv/pending_20231030.csv
2023/10/31 02:31:32 JobID=1f7e7606-8d55-4841-72b7-3048c40a9651, Part#=0, TransfersDone=1 of 1
2023/10/31 02:31:32 all parts of entire Job 1f7e7606-8d55-4841-72b7-3048c40a9651 successfully completed, cancelled or paused
2023/10/31 02:31:32 is part of Job which 1 total number of parts done 
2023/10/31 02:31:33 PERF: primary performance constraint is Unknown. States: X:  0, O:  0, M:  0, L:  0, R:  0, D:  0, W:  0, F:  0, B:  0, E:  0, T:  0, GRs: 32
2023/10/31 02:31:33 100.0 %, 1 Done, 0 Failed, 0 Pending, 0 Skipped, 1 Total, 2-sec Throughput (Mb/s): 0.0334
2023/10/31 02:31:33 

Diagnostic stats:
IOPS: 0
End-to-end ms per request: 113
Network Errors: 0.00%
Server Busy: 0.00%


Job 1f7e7606-8d55-4841-72b7-3048c40a9651 summary
Elapsed Time (Minutes): 0.0333
Number of File Transfers: 1
Number of Folder Property Transfers: 0
Number of Symlink Transfers: 0
Total Number of Transfers: 1
Number of File Transfers Completed: 1
Number of Folder Transfers Completed: 0
Number of File Transfers Failed: 0
Number of Folder Transfers Failed: 0
Number of File Transfers Skipped: 0
Number of Folder Transfers Skipped: 0
TotalBytesTransferred: 8356
Final Job Status: Completed

