2023/10/24 22:49:32 AzcopyVersion  10.21.0
2023/10/24 22:49:32 OS-Environment  windows
2023/10/24 22:49:32 OS-Architecture  amd64
2023/10/24 22:49:32 Log times are in UTC. Local time is 24 Oct 2023 17:49:32
2023/10/24 22:49:32 ISO 8601 START TIME: to copy files that changed before or after this job started, use the parameter --include-before=2023-10-24T22:49:27Z or --include-after=2023-10-24T22:49:27Z
2023/10/24 22:49:32 Any empty folders will not be processed, because source and/or destination doesn't have full folder support
2023/10/24 22:49:32 Job-Command copy C:\TEMP\test.pdf https://enterprisedatalakedev.blob.core.windows.net/enterprisedata/Raw/Payroll/PortalPayRateChange/Enterprise/ADPPortal/csv/test.pdf?sdd=6&se=2024-10-10t21%3A49%3A23z&sig=-REDACTED-&sp=racwle&spr=https&sr=d&st=2023-10-10t13%3A49%3A23z&sv=2022-11-02 --overwrite=prompt --from-to=LocalBlob --blob-type BlockBlob --follow-symlinks --check-length=true --put-md5 --follow-symlinks --disable-auto-decoding=false --recursive --log-level=INFO 
2023/10/24 22:49:32 Number of CPUs: 4
2023/10/24 22:49:32 Max file buffer RAM 2.000 GB
2023/10/24 22:49:32 Max concurrent network operations: 32 (Based on number of CPUs. Set AZCOPY_CONCURRENCY_VALUE environment variable to override)
2023/10/24 22:49:32 Check CPU usage when dynamically tuning concurrency: true (Based on hard-coded default. Set AZCOPY_TUNE_TO_CPU environment variable to true or false override)
2023/10/24 22:49:32 Max concurrent transfer initiation routines: 64 (Based on hard-coded default. Set AZCOPY_CONCURRENT_FILES environment variable to override)
2023/10/24 22:49:32 Max enumeration routines: 16 (Based on hard-coded default. Set AZCOPY_CONCURRENT_SCAN environment variable to override)
2023/10/24 22:49:32 Parallelize getting file properties (file.Stat): false (Based on AZCOPY_PARALLEL_STAT_FILES environment variable)
2023/10/24 22:49:32 Max open files when downloading: 2147483224 (auto-computed)
2023/10/24 22:49:32 Final job part has been created
2023/10/24 22:49:32 JobID=23f2afc6-cd4d-cc42-6e46-fff46a3b3801, credential type: Anonymous
2023/10/24 22:49:32 Final job part has been scheduled
2023/10/24 22:49:32 INFO: [P#0-T#0] Starting transfer: Source "\\\\?\\C:\\TEMP\\test.pdf" Destination "https://enterprisedatalakedev.blob.core.windows.net/enterprisedata/Raw/Payroll/PortalPayRateChange/Enterprise/ADPPortal/csv/test.pdf?sdd=6&se=2024-10-10T21%3A49%3A23Z&sig=-REDACTED-&sp=racwle&spr=https&sr=d&st=2023-10-10T13%3A49%3A23Z&sv=2022-11-02". Specified chunk size 8388608
2023/10/24 22:49:32 ==> REQUEST/RESPONSE (Try=1/81.761ms, OpTime=275.2323ms) -- RESPONSE SUCCESSFULLY RECEIVED
   HEAD https://enterprisedatalakedev.blob.core.windows.net/enterprisedata/Raw/Payroll/PortalPayRateChange/Enterprise/ADPPortal/csv/test.pdf?sdd=6&se=2024-10-10T21%3A49%3A23Z&sig=-REDACTED-&sp=racwle&spr=https&sr=d&st=2023-10-10T13%3A49%3A23Z&sv=2022-11-02
   X-Ms-Request-Id: [e075276b-401e-0023-17cc-061cbd000000]

2023/10/24 22:49:33 ==> REQUEST/RESPONSE (Try=1/125.089ms, OpTime=554.3563ms) -- RESPONSE SUCCESSFULLY RECEIVED
   PUT https://enterprisedatalakedev.blob.core.windows.net/enterprisedata/Raw/Payroll/PortalPayRateChange/Enterprise/ADPPortal/csv/test.pdf?sdd=6&se=2024-10-10T21%3A49%3A23Z&sig=-REDACTED-&sp=racwle&spr=https&sr=d&st=2023-10-10T13%3A49%3A23Z&sv=2022-11-02
   X-Ms-Request-Id: [e0752790-401e-0023-37cc-061cbd000000]

2023/10/24 22:49:33 ==> REQUEST/RESPONSE (Try=1/37.2196ms, OpTime=37.2196ms) -- RESPONSE SUCCESSFULLY RECEIVED
   HEAD https://enterprisedatalakedev.blob.core.windows.net/enterprisedata/Raw/Payroll/PortalPayRateChange/Enterprise/ADPPortal/csv/test.pdf?sdd=6&se=2024-10-10T21%3A49%3A23Z&sig=-REDACTED-&sp=racwle&spr=https&sr=d&st=2023-10-10T13%3A49%3A23Z&sv=2022-11-02
   X-Ms-Request-Id: [e0752876-401e-0023-03cc-061cbd000000]

2023/10/24 22:49:33 INFO: [P#0-T#0] UPLOADSUCCESSFUL: https://enterprisedatalakedev.blob.core.windows.net/enterprisedata/Raw/Payroll/PortalPayRateChange/Enterprise/ADPPortal/csv/test.pdf
2023/10/24 22:49:33 JobID=23f2afc6-cd4d-cc42-6e46-fff46a3b3801, Part#=0, TransfersDone=1 of 1
2023/10/24 22:49:33 all parts of entire Job 23f2afc6-cd4d-cc42-6e46-fff46a3b3801 successfully completed, cancelled or paused
2023/10/24 22:49:33 is part of Job which 1 total number of parts done 
2023/10/24 22:49:34 PERF: primary performance constraint is Unknown. States: X:  0, O:  0, M:  0, L:  0, R:  0, D:  0, W:  0, F:  0, B:  0, E:  0, T:  0, GRs: 32
2023/10/24 22:49:34 100.0 %, 1 Done, 0 Failed, 0 Pending, 0 Skipped, 1 Total, 2-sec Throughput (Mb/s): 20.8035
2023/10/24 22:49:34 

Diagnostic stats:
IOPS: 1
End-to-end ms per request: 288
Network Errors: 0.00%
Server Busy: 0.00%


Job 23f2afc6-cd4d-cc42-6e46-fff46a3b3801 summary
Elapsed Time (Minutes): 0.0334
Number of File Transfers: 1
Number of Folder Property Transfers: 0
Number of Symlink Transfers: 0
Total Number of Transfers: 1
Number of File Transfers Completed: 1
Number of Folder Transfers Completed: 0
Number of File Transfers Failed: 0
Number of Folder Transfers Failed: 0
Number of File Transfers Skipped: 0
Number of Folder Transfers Skipped: 0
TotalBytesTransferred: 5204944
Final Job Status: Completed

