2023/10/25 19:17:57 AzcopyVersion  10.21.0
2023/10/25 19:17:57 OS-Environment  windows
2023/10/25 19:17:57 OS-Architecture  amd64
2023/10/25 19:17:57 Log times are in UTC. Local time is 25 Oct 2023 14:17:57
2023/10/25 19:17:57 ISO 8601 START TIME: to copy files that changed before or after this job started, use the parameter --include-before=2023-10-25T19:17:52Z or --include-after=2023-10-25T19:17:52Z
2023/10/25 19:17:57 Any empty folders will not be processed, because source and/or destination doesn't have full folder support
2023/10/25 19:17:57 Job-Command copy C:\Temp\ADP_MSS_kckustomac\pending_20231025.csv https://enterprisedatalakedev.blob.core.windows.net/enterprisedata/Raw/Payroll/PortalPayRateChange/Enterprise/ADPPortal/csv/?sdd=6&se=2024-10-10t21%3A49%3A23z&sig=-REDACTED-&sp=racwle&spr=https&sr=d&st=2023-10-10t13%3A49%3A23z&sv=2022-11-02 --overwrite=true --from-to=LocalBlob --blob-type BlockBlob --follow-symlinks --check-length=true --put-md5 --follow-symlinks --disable-auto-decoding=false --recursive --log-level=INFO 
2023/10/25 19:17:57 Number of CPUs: 4
2023/10/25 19:17:57 Max file buffer RAM 2.000 GB
2023/10/25 19:17:57 Max concurrent network operations: 32 (Based on number of CPUs. Set AZCOPY_CONCURRENCY_VALUE environment variable to override)
2023/10/25 19:17:57 Check CPU usage when dynamically tuning concurrency: true (Based on hard-coded default. Set AZCOPY_TUNE_TO_CPU environment variable to true or false override)
2023/10/25 19:17:57 Max concurrent transfer initiation routines: 64 (Based on hard-coded default. Set AZCOPY_CONCURRENT_FILES environment variable to override)
2023/10/25 19:17:57 Max enumeration routines: 16 (Based on hard-coded default. Set AZCOPY_CONCURRENT_SCAN environment variable to override)
2023/10/25 19:17:57 Parallelize getting file properties (file.Stat): false (Based on AZCOPY_PARALLEL_STAT_FILES environment variable)
2023/10/25 19:17:57 Max open files when downloading: 2147483224 (auto-computed)
2023/10/25 19:17:57 Final job part has been created
2023/10/25 19:17:57 JobID=5cb7da30-3cf3-0544-5c66-02ada912767c, credential type: Anonymous
2023/10/25 19:17:57 Final job part has been scheduled
2023/10/25 19:17:58 INFO: [P#0-T#0] Starting transfer: Source "\\\\?\\C:\\Temp\\ADP_MSS_kckustomac\\pending_20231025.csv" Destination "https://enterprisedatalakedev.blob.core.windows.net/enterprisedata/Raw/Payroll/PortalPayRateChange/Enterprise/ADPPortal/csv/pending_20231025.csv?sdd=6&se=2024-10-10T21%3A49%3A23Z&sig=-REDACTED-&sp=racwle&spr=https&sr=d&st=2023-10-10T13%3A49%3A23Z&sv=2022-11-02". Specified chunk size 8388608
2023/10/25 19:17:58 ==> REQUEST/RESPONSE (Try=1/40.4317ms, OpTime=375.6429ms) -- RESPONSE STATUS CODE ERROR
   PUT https://enterprisedatalakedev.blob.core.windows.net/enterprisedata/Raw/Payroll/PortalPayRateChange/Enterprise/ADPPortal/csv/pending_20231025.csv?sdd=6&se=2024-10-10T21%3A49%3A23Z&sig=-REDACTED-&sp=racwle&spr=https&sr=d&st=2023-10-10T13%3A49%3A23Z&sv=2022-11-02
   Accept: application/xml
   Content-Length: 2833
   Content-Type: application/octet-stream
   User-Agent: AzCopy/10.21.0 azsdk-go-azblob/v1.1.0 (go1.19.12; Windows_NT)
   X-Ms-Client-Request-Id: b5f40e07-ba1b-46a7-40b7-80a1359d14a3
   x-ms-access-tier: 
   x-ms-blob-cache-control: 
   x-ms-blob-content-disposition: 
   x-ms-blob-content-encoding: 
   x-ms-blob-content-language: 
   x-ms-blob-content-md5: 
   x-ms-blob-content-type: 
   x-ms-blob-type: 
   x-ms-version: 
   --------------------------------------------------------------------------------
   RESPONSE Status: 403 Server failed to authenticate the request. Make sure the value of Authorization header is formed correctly including the signature.
   Content-Length: 408
   Content-Type: application/xml
   Date: Wed, 25 Oct 2023 19:17:57 GMT
   Server: Microsoft-HTTPAPI/2.0
   X-Ms-Error-Code: AuthenticationFailed
   X-Ms-Request-Id: 82c4a8b6-801e-0013-7d77-07a272000000
Response Details: ﻿<Code>AuthenticationFailed</Code><Message>Server failed to authenticate the request. Make sure the value of Authorization header is formed correctly including the signature. </Message><AuthenticationErrorDetail>Signature fields not well formed.</AuthenticationErrorDetail>

2023/10/25 19:17:58 ERR: [P#0-T#0] UPLOADFAILED: \\?\C:\Temp\ADP_MSS_kckustomac\pending_20231025.csv : 403 : 403 Server failed to authenticate the request. Make sure the value of Authorization header is formed correctly including the signature.. When Uploading blob. X-Ms-Request-Id: 82c4a8b6-801e-0013-7d77-07a272000000

   Dst: https://enterprisedatalakedev.blob.core.windows.net/enterprisedata/Raw/Payroll/PortalPayRateChange/Enterprise/ADPPortal/csv/pending_20231025.csv?sdd=6&se=2024-10-10T21%3A49%3A23Z&sig=-REDACTED-&sp=racwle&spr=https&sr=d&st=2023-10-10T13%3A49%3A23Z&sv=2022-11-02
2023/10/25 19:17:58 JobID=5cb7da30-3cf3-0544-5c66-02ada912767c canceled
2023/10/25 19:17:58 all parts of entire Job 5cb7da30-3cf3-0544-5c66-02ada912767c successfully completed, cancelled or paused
2023/10/25 19:17:58 all parts of entire Job 5cb7da30-3cf3-0544-5c66-02ada912767c successfully cancelled
2023/10/25 19:17:58 is part of Job which 1 total number of parts done 
