2023/12/03 10:50:31 AzcopyVersion  10.20.1
2023/12/03 10:50:31 OS-Environment  windows
2023/12/03 10:50:31 OS-Architecture  amd64
2023/12/03 10:50:31 Log times are in UTC. Local time is 3 Dec 2023 04:50:31
2023/12/03 10:50:32 ISO 8601 START TIME: to copy files that changed before or after this job started, use the parameter --include-before=2023-12-03T10:50:26Z or --include-after=2023-12-03T10:50:26Z
2023/12/03 10:50:33 Any empty folders will not be processed, because source and/or destination doesn't have full folder support
2023/12/03 10:50:33 Job-Command copy https://devdigitaloperation9761.blob.core.windows.net/insights-metrics-pt1m/resourceId%3D/SUBSCRIPTIONS/9114A9C6-4771-4C4C-9D1C-77825090CA27/RESOURCEGROUPS/DEVDIGITALOPERATIONS/PROVIDERS/MICROSOFT.KEYVAULT/VAULTS/DIGITALOPERATIONSKEYS/y%3D2023/m%3D12/d%3D03/h%3D02/m%3D00/PT1H.json?se=2024-01-02t10%3A50%3A31z&sig=-REDACTED-&sp=rl&sr=c&sv=2021-10-04 C:\Users\KCKUST~1\AppData\Local\Temp\3\17016006314320\PT1H.json --output-type=json --cancel-from-stdin --overwrite=prompt --check-md5 FailIfDifferent --from-to=BlobLocal --blob-type AppendBlob --recursive --log-level=INFO 
2023/12/03 10:50:33 Number of CPUs: 4
2023/12/03 10:50:33 Max file buffer RAM 2.000 GB
2023/12/03 10:50:33 Max concurrent network operations:  will be dynamically tuned up to 3000 (Based on auto-tuning limit. Set AZCOPY_CONCURRENCY_VALUE environment variable to override)
2023/12/03 10:50:33 Check CPU usage when dynamically tuning concurrency: true (Based on hard-coded default. Set AZCOPY_TUNE_TO_CPU environment variable to true or false override)
2023/12/03 10:50:33 Max concurrent transfer initiation routines: 64 (Based on hard-coded default. Set AZCOPY_CONCURRENT_FILES environment variable to override)
2023/12/03 10:50:33 Max enumeration routines: 16 (Based on hard-coded default. Set AZCOPY_CONCURRENT_SCAN environment variable to override)
2023/12/03 10:50:33 Parallelize getting file properties (file.Stat): false (Based on AZCOPY_PARALLEL_STAT_FILES environment variable)
2023/12/03 10:50:33 Max open files when downloading: 2147479959 (auto-computed)
2023/12/03 10:50:33 Final job part has been created
2023/12/03 10:50:33 Trying 4 concurrent connections (initial starting point)
2023/12/03 10:50:33 JobID=5f078a61-2106-e44c-5c3c-a388b894afa4, credential type: Anonymous
2023/12/03 10:50:33 Final job part has been scheduled
2023/12/03 10:50:33 ==> REQUEST/RESPONSE (Try=1/57.1966ms, OpTime=181.5281ms) -- RESPONSE SUCCESSFULLY RECEIVED
   GET https://devdigitaloperation9761.blob.core.windows.net/insights-metrics-pt1m/resourceId=/SUBSCRIPTIONS/9114A9C6-4771-4C4C-9D1C-77825090CA27/RESOURCEGROUPS/DEVDIGITALOPERATIONS/PROVIDERS/MICROSOFT.KEYVAULT/VAULTS/DIGITALOPERATIONSKEYS/y=2023/m=12/d=03/h=02/m=00/PT1H.json?se=2024-01-02T10%3A50%3A31Z&sig=-REDACTED-&sp=rl&sr=c&sv=2021-10-04&timeout=901
   X-Ms-Request-Id: [e68d7657-501e-0036-7ed6-2545ef000000]

2023/12/03 10:50:33 WARN: [P#0-T#0] https://devdigitaloperation9761.blob.core.windows.net/insights-metrics-pt1m/resourceId=/SUBSCRIPTIONS/9114A9C6-4771-4C4C-9D1C-77825090CA27/RESOURCEGROUPS/DEVDIGITALOPERATIONS/PROVIDERS/MICROSOFT.KEYVAULT/VAULTS/DIGITALOPERATIONSKEYS/y=2023/m=12/d=03/h=02/m=00/PT1H.json?se=2024-01-02T10%3A50%3A31Z&sig=-REDACTED-&sp=rl&sr=c&sv=2021-10-04 no MD5 was stored in the Blob/File service against this file. So the downloaded data cannot be MD5-validated. Dst: \\?\C:\Users\KCKUST~1\AppData\Local\Temp\3\17016006314320\PT1H.json
2023/12/03 10:50:33 INFO: [P#0-T#0] DOWNLOADSUCCESSFUL: \\?\C:\Users\KCKUST~1\AppData\Local\Temp\3\17016006314320\PT1H.json
2023/12/03 10:50:33 JobID=5f078a61-2106-e44c-5c3c-a388b894afa4, Part#=0, TransfersDone=1 of 1
2023/12/03 10:50:33 all parts of entire Job 5f078a61-2106-e44c-5c3c-a388b894afa4 successfully completed, cancelled or paused
2023/12/03 10:50:33 is part of Job which 1 total number of parts done 
2023/12/03 10:50:35 PERF: primary performance constraint is Unknown. States: C:  0, R:  0, W:  0, F:  0, H:  0, B:  0, S:  0, P:  0, Q:  0, D:  0, E:  0, T:  0, GRs:  4
2023/12/03 10:50:35 100.0 %, 1 Done, 0 Failed, 0 Pending, 0 Skipped, 1 Total, 2-sec Throughput (Mb/s): 0.0052
