2023/10/26 17:25:47 AzcopyVersion  10.21.0
2023/10/26 17:25:47 OS-Environment  windows
2023/10/26 17:25:47 OS-Architecture  amd64
2023/10/26 17:25:47 Log times are in UTC. Local time is 26 Oct 2023 12:25:47
2023/10/26 17:25:47 ISO 8601 START TIME: to copy files that changed before or after this job started, use the parameter --include-before=2023-10-26T17:25:42Z or --include-after=2023-10-26T17:25:42Z
2023/10/26 17:25:47 Any empty folders will not be processed, because source and/or destination doesn't have full folder support
2023/10/26 17:25:47 Job-Command copy C:\Temp\ADP_MSS_kckustomac\pending_20231026.csv https://enterprisedatalakedev.blob.core.windows.net/enterprisedata/Raw/Payroll/PortalPayRateChange/Enterprise/ADPPortal/csv/pending_20231026.csv?sdd=6&se=2024-10-10t21%3A49%3A23z&sig=-REDACTED-&sp=racwle&spr=https&sr=d&st=2023-10-10t13%3A49%3A23z&sv=2022-11-02 --overwrite=true --from-to=LocalBlob --blob-type BlockBlob --log-level=INFO 
2023/10/26 17:25:47 Number of CPUs: 4
2023/10/26 17:25:47 Max file buffer RAM 2.000 GB
2023/10/26 17:25:47 Max concurrent network operations: 32 (Based on number of CPUs. Set AZCOPY_CONCURRENCY_VALUE environment variable to override)
2023/10/26 17:25:47 Check CPU usage when dynamically tuning concurrency: true (Based on hard-coded default. Set AZCOPY_TUNE_TO_CPU environment variable to true or false override)
2023/10/26 17:25:47 Max concurrent transfer initiation routines: 64 (Based on hard-coded default. Set AZCOPY_CONCURRENT_FILES environment variable to override)
2023/10/26 17:25:47 Max enumeration routines: 16 (Based on hard-coded default. Set AZCOPY_CONCURRENT_SCAN environment variable to override)
2023/10/26 17:25:47 Parallelize getting file properties (file.Stat): false (Based on AZCOPY_PARALLEL_STAT_FILES environment variable)
2023/10/26 17:25:47 Max open files when downloading: 2147483224 (auto-computed)
2023/10/26 17:25:47 Final job part has been created
2023/10/26 17:25:47 JobID=70d10020-ce32-b94d-47e3-57b67d78e977, credential type: Anonymous
2023/10/26 17:25:47 Final job part has been scheduled
2023/10/26 17:25:47 INFO: [P#0-T#0] Starting transfer: Source "\\\\?\\C:\\Temp\\ADP_MSS_kckustomac\\pending_20231026.csv" Destination "https://enterprisedatalakedev.blob.core.windows.net/enterprisedata/Raw/Payroll/PortalPayRateChange/Enterprise/ADPPortal/csv/pending_20231026.csv?sdd=6&se=2024-10-10T21%3A49%3A23Z&sig=-REDACTED-&sp=racwle&spr=https&sr=d&st=2023-10-10T13%3A49%3A23Z&sv=2022-11-02". Specified chunk size 8388608
2023/10/26 17:25:48 ==> REQUEST/RESPONSE (Try=1/40.6738ms, OpTime=162.289ms) -- RESPONSE STATUS CODE ERROR
   PUT https://enterprisedatalakedev.blob.core.windows.net/enterprisedata/Raw/Payroll/PortalPayRateChange/Enterprise/ADPPortal/csv/pending_20231026.csv?sdd=6&se=2024-10-10T21%3A49%3A23Z&sig=-REDACTED-&sp=racwle&spr=https&sr=d&st=2023-10-10T13%3A49%3A23Z&sv=2022-11-02
   Accept: application/xml
   Content-Length: 3149
   Content-Type: application/octet-stream
   User-Agent: AzCopy/10.21.0 azsdk-go-azblob/v1.1.0 (go1.19.12; Windows_NT)
   X-Ms-Client-Request-Id: a63adde9-6f1b-4ab2-6dbf-d8bd8216969f
   x-ms-access-tier: 
   x-ms-blob-cache-control: 
   x-ms-blob-content-disposition: 
   x-ms-blob-content-encoding: 
   x-ms-blob-content-language: 
   x-ms-blob-content-md5: 
   x-ms-blob-content-type: 
   x-ms-blob-type: 
   x-ms-version: 
   --------------------------------------------------------------------------------
   RESPONSE Status: 403 Server failed to authenticate the request. Make sure the value of Authorization header is formed correctly including the signature.
   Content-Length: 408
   Content-Type: application/xml
   Date: Thu, 26 Oct 2023 17:25:47 GMT
   Server: Microsoft-HTTPAPI/2.0
   X-Ms-Error-Code: AuthenticationFailed
   X-Ms-Request-Id: 0762c9c4-201e-0057-2c31-08284d000000
Response Details: ﻿<Code>AuthenticationFailed</Code><Message>Server failed to authenticate the request. Make sure the value of Authorization header is formed correctly including the signature. </Message><AuthenticationErrorDetail>Signature fields not well formed.</AuthenticationErrorDetail>

2023/10/26 17:25:48 ERR: [P#0-T#0] UPLOADFAILED: \\?\C:\Temp\ADP_MSS_kckustomac\pending_20231026.csv : 403 : 403 Server failed to authenticate the request. Make sure the value of Authorization header is formed correctly including the signature.. When Uploading blob. X-Ms-Request-Id: 0762c9c4-201e-0057-2c31-08284d000000

   Dst: https://enterprisedatalakedev.blob.core.windows.net/enterprisedata/Raw/Payroll/PortalPayRateChange/Enterprise/ADPPortal/csv/pending_20231026.csv?sdd=6&se=2024-10-10T21%3A49%3A23Z&sig=-REDACTED-&sp=racwle&spr=https&sr=d&st=2023-10-10T13%3A49%3A23Z&sv=2022-11-02
2023/10/26 17:25:48 JobID=70d10020-ce32-b94d-47e3-57b67d78e977 canceled
2023/10/26 17:25:48 all parts of entire Job 70d10020-ce32-b94d-47e3-57b67d78e977 successfully completed, cancelled or paused
2023/10/26 17:25:48 all parts of entire Job 70d10020-ce32-b94d-47e3-57b67d78e977 successfully cancelled
2023/10/26 17:25:48 is part of Job which 1 total number of parts done 
