2023/11/01 23:10:02 AzcopyVersion  10.21.0
2023/11/01 23:10:02 OS-Environment  windows
2023/11/01 23:10:02 OS-Architecture  amd64
2023/11/01 23:10:02 Log times are in UTC. Local time is 1 Nov 2023 18:10:02
2023/11/01 23:10:02 ISO 8601 START TIME: to copy files that changed before or after this job started, use the parameter --include-before=2023-11-01T23:09:57Z or --include-after=2023-11-01T23:09:57Z
2023/11/01 23:10:02 Any empty folders will not be processed, because source and/or destination doesn't have full folder support
2023/11/01 23:10:02 Job-Command copy C:\Temp\ADP_MSS__FILE_LOAD_kckustomac\pending_20231101.csv https://enterprisedatalakedev.blob.core.windows.net/enterprisedata/Raw/Payroll/PortalPayRateChange/Enterprise/ADPPortal/csv/pending_20231101.csv?sdd=6&se=2024-10-10t21%3A49%3A23z&sig=-REDACTED-&sp=racwle&spr=https&sr=d&st=2023-10-10t13%3A49%3A23z&sv=2022-11-02 --overwrite=true --from-to=LocalBlob --blob-type BlockBlob --follow-symlinks --check-length=true --put-md5 --log-level=INFO 
2023/11/01 23:10:02 Number of CPUs: 4
2023/11/01 23:10:02 Max file buffer RAM 2.000 GB
2023/11/01 23:10:02 Max concurrent network operations: 32 (Based on number of CPUs. Set AZCOPY_CONCURRENCY_VALUE environment variable to override)
2023/11/01 23:10:02 Check CPU usage when dynamically tuning concurrency: true (Based on hard-coded default. Set AZCOPY_TUNE_TO_CPU environment variable to true or false override)
2023/11/01 23:10:02 Max concurrent transfer initiation routines: 64 (Based on hard-coded default. Set AZCOPY_CONCURRENT_FILES environment variable to override)
2023/11/01 23:10:02 Max enumeration routines: 16 (Based on hard-coded default. Set AZCOPY_CONCURRENT_SCAN environment variable to override)
2023/11/01 23:10:02 Parallelize getting file properties (file.Stat): false (Based on AZCOPY_PARALLEL_STAT_FILES environment variable)
2023/11/01 23:10:02 Max open files when downloading: 2147483224 (auto-computed)
2023/11/01 23:10:02 Final job part has been created
2023/11/01 23:10:02 JobID=8583721b-6884-3b46-43eb-fa6de38037e5, credential type: Anonymous
2023/11/01 23:10:02 Final job part has been scheduled
2023/11/01 23:10:02 INFO: [P#0-T#0] Starting transfer: Source "\\\\?\\C:\\Temp\\ADP_MSS__FILE_LOAD_kckustomac\\pending_20231101.csv" Destination "https://enterprisedatalakedev.blob.core.windows.net/enterprisedata/Raw/Payroll/PortalPayRateChange/Enterprise/ADPPortal/csv/pending_20231101.csv?sdd=6&se=2024-10-10T21%3A49%3A23Z&sig=-REDACTED-&sp=racwle&spr=https&sr=d&st=2023-10-10T13%3A49%3A23Z&sv=2022-11-02". Specified chunk size 8388608
2023/11/01 23:10:02 ==> REQUEST/RESPONSE (Try=1/100.9377ms, OpTime=234.1105ms) -- RESPONSE SUCCESSFULLY RECEIVED
   PUT https://enterprisedatalakedev.blob.core.windows.net/enterprisedata/Raw/Payroll/PortalPayRateChange/Enterprise/ADPPortal/csv/pending_20231101.csv?sdd=6&se=2024-10-10T21%3A49%3A23Z&sig=-REDACTED-&sp=racwle&spr=https&sr=d&st=2023-10-10T13%3A49%3A23Z&sv=2022-11-02
   X-Ms-Request-Id: [515bb418-601e-0069-0d18-0dbf32000000]

2023/11/01 23:10:02 ==> REQUEST/RESPONSE (Try=1/41.041ms, OpTime=41.041ms) -- RESPONSE SUCCESSFULLY RECEIVED
   HEAD https://enterprisedatalakedev.blob.core.windows.net/enterprisedata/Raw/Payroll/PortalPayRateChange/Enterprise/ADPPortal/csv/pending_20231101.csv?sdd=6&se=2024-10-10T21%3A49%3A23Z&sig=-REDACTED-&sp=racwle&spr=https&sr=d&st=2023-10-10T13%3A49%3A23Z&sv=2022-11-02
   X-Ms-Request-Id: [515bb441-601e-0069-3218-0dbf32000000]

2023/11/01 23:10:02 INFO: [P#0-T#0] UPLOADSUCCESSFUL: https://enterprisedatalakedev.blob.core.windows.net/enterprisedata/Raw/Payroll/PortalPayRateChange/Enterprise/ADPPortal/csv/pending_20231101.csv
2023/11/01 23:10:02 JobID=8583721b-6884-3b46-43eb-fa6de38037e5, Part#=0, TransfersDone=1 of 1
2023/11/01 23:10:02 all parts of entire Job 8583721b-6884-3b46-43eb-fa6de38037e5 successfully completed, cancelled or paused
2023/11/01 23:10:02 is part of Job which 1 total number of parts done 
2023/11/01 23:10:04 PERF: primary performance constraint is Unknown. States: X:  0, O:  0, M:  0, L:  0, R:  0, D:  0, W:  0, F:  0, B:  0, E:  0, T:  0, GRs: 32
2023/11/01 23:10:04 100.0 %, 1 Done, 0 Failed, 0 Pending, 0 Skipped, 1 Total, 2-sec Throughput (Mb/s): 0.0126
2023/11/01 23:10:04 

Diagnostic stats:
IOPS: 0
End-to-end ms per request: 137
Network Errors: 0.00%
Server Busy: 0.00%


Job 8583721b-6884-3b46-43eb-fa6de38037e5 summary
Elapsed Time (Minutes): 0.0334
Number of File Transfers: 1
Number of Folder Property Transfers: 0
Number of Symlink Transfers: 0
Total Number of Transfers: 1
Number of File Transfers Completed: 1
Number of Folder Transfers Completed: 0
Number of File Transfers Failed: 0
Number of Folder Transfers Failed: 0
Number of File Transfers Skipped: 0
Number of Folder Transfers Skipped: 0
TotalBytesTransferred: 3149
Final Job Status: Completed

