2023/11/26 08:03:50 AzcopyVersion  10.20.1
2023/11/26 08:03:50 OS-Environment  windows
2023/11/26 08:03:50 OS-Architecture  amd64
2023/11/26 08:03:50 Log times are in UTC. Local time is 26 Nov 2023 02:03:50
2023/11/26 08:03:51 ISO 8601 START TIME: to copy files that changed before or after this job started, use the parameter --include-before=2023-11-26T08:03:45Z or --include-after=2023-11-26T08:03:45Z
2023/11/26 08:03:51 Any empty folders will not be processed, because source and/or destination doesn't have full folder support
2023/11/26 08:03:51 Job-Command copy https://digopsadevstorage.blob.core.windows.net/input/Template.txt?se=2030-11-25t06%3A55%3A09z&sig=-REDACTED-&sp=rwdlacupyx&spr=https%2Chttp&srt=sco&ss=bfqt&st=2023-11-24t22%3A55%3A09z&sv=2022-11-02 C:\Users\kckustomac\Downloads\Template.txt --output-type=json --cancel-from-stdin --overwrite=prompt --check-md5 FailIfDifferent --from-to=BlobLocal --recursive --log-level=INFO 
2023/11/26 08:03:51 Number of CPUs: 4
2023/11/26 08:03:51 Max file buffer RAM 2.000 GB
2023/11/26 08:03:51 Max concurrent network operations:  will be dynamically tuned up to 3000 (Based on auto-tuning limit. Set AZCOPY_CONCURRENCY_VALUE environment variable to override)
2023/11/26 08:03:51 Check CPU usage when dynamically tuning concurrency: true (Based on hard-coded default. Set AZCOPY_TUNE_TO_CPU environment variable to true or false override)
2023/11/26 08:03:51 Max concurrent transfer initiation routines: 64 (Based on hard-coded default. Set AZCOPY_CONCURRENT_FILES environment variable to override)
2023/11/26 08:03:51 Max enumeration routines: 16 (Based on hard-coded default. Set AZCOPY_CONCURRENT_SCAN environment variable to override)
2023/11/26 08:03:51 Parallelize getting file properties (file.Stat): false (Based on AZCOPY_PARALLEL_STAT_FILES environment variable)
2023/11/26 08:03:51 Max open files when downloading: 2147479959 (auto-computed)
2023/11/26 08:03:51 Final job part has been created
2023/11/26 08:03:51 Trying 4 concurrent connections (initial starting point)
2023/11/26 08:03:51 JobID=e2a11de1-0898-ca45-41bc-e0424942c6d6, credential type: Anonymous
2023/11/26 08:03:51 Final job part has been scheduled
2023/11/26 08:03:52 ==> REQUEST/RESPONSE (Try=1/121.7875ms, OpTime=292.7486ms) -- RESPONSE SUCCESSFULLY RECEIVED
   GET https://digopsadevstorage.blob.core.windows.net/input/Template.txt?se=2030-11-25T06%3A55%3A09Z&sig=-REDACTED-&sp=rwdlacupyx&spr=https%2Chttp&srt=sco&ss=bfqt&st=2023-11-24T22%3A55%3A09Z&sv=2022-11-02&timeout=901
   X-Ms-Request-Id: [00785a08-401e-0001-5d3f-20a804000000]

2023/11/26 08:03:52 INFO: [P#0-T#0] DOWNLOADSUCCESSFUL: \\?\C:\Users\kckustomac\Downloads\Template.txt
2023/11/26 08:03:52 JobID=e2a11de1-0898-ca45-41bc-e0424942c6d6, Part#=0, TransfersDone=1 of 1
2023/11/26 08:03:52 all parts of entire Job e2a11de1-0898-ca45-41bc-e0424942c6d6 successfully completed, cancelled or paused
2023/11/26 08:03:52 is part of Job which 1 total number of parts done 
2023/11/26 08:03:53 PERF: primary performance constraint is Unknown. States: C:  0, R:  0, W:  0, F:  0, H:  0, B:  0, S:  0, P:  0, Q:  0, D:  0, E:  0, T:  0, GRs:  4
2023/11/26 08:03:53 100.0 %, 1 Done, 0 Failed, 0 Pending, 0 Skipped, 1 Total, 2-sec Throughput (Mb/s): 0
