2023/10/26 19:20:18 AzcopyVersion  10.21.0
2023/10/26 19:20:18 OS-Environment  windows
2023/10/26 19:20:18 OS-Architecture  amd64
2023/10/26 19:20:18 Log times are in UTC. Local time is 26 Oct 2023 14:20:18
2023/10/26 19:20:18 ISO 8601 START TIME: to copy files that changed before or after this job started, use the parameter --include-before=2023-10-26T19:20:13Z or --include-after=2023-10-26T19:20:13Z
2023/10/26 19:20:18 Any empty folders will not be processed, because source and/or destination doesn't have full folder support
2023/10/26 19:20:18 Job-Command copy C:\Temp\ADP_MSS_kckustomac\completed_20231026.csv https://enterprisedatalakedev.blob.core.windows.net/enterprisedata/Raw/Payroll/PortalPayRateChange/Enterprise/ADPPortal/csv/completed_20231026.csv?sdd=6&se=2024-10-10t21%3A49%3A23z&sig=-REDACTED-&sp=racwle&spr=https&sr=d&st=2023-10-10t13%3A49%3A23z&sv=2022-11-02 --overwrite=true --from-to=LocalBlob --blob-type BlockBlob --put-md5 --follow-symlinks --disable-auto-decoding=false --log-level=INFO 
2023/10/26 19:20:18 Number of CPUs: 4
2023/10/26 19:20:18 Max file buffer RAM 2.000 GB
2023/10/26 19:20:18 Max concurrent network operations: 32 (Based on number of CPUs. Set AZCOPY_CONCURRENCY_VALUE environment variable to override)
2023/10/26 19:20:18 Check CPU usage when dynamically tuning concurrency: true (Based on hard-coded default. Set AZCOPY_TUNE_TO_CPU environment variable to true or false override)
2023/10/26 19:20:18 Max concurrent transfer initiation routines: 64 (Based on hard-coded default. Set AZCOPY_CONCURRENT_FILES environment variable to override)
2023/10/26 19:20:18 Max enumeration routines: 16 (Based on hard-coded default. Set AZCOPY_CONCURRENT_SCAN environment variable to override)
2023/10/26 19:20:18 Parallelize getting file properties (file.Stat): false (Based on AZCOPY_PARALLEL_STAT_FILES environment variable)
2023/10/26 19:20:18 Max open files when downloading: 2147483224 (auto-computed)
2023/10/26 19:20:18 Final job part has been created
2023/10/26 19:20:18 JobID=f2500bdd-37b6-7f40-465f-1c4c48c2b5c7, credential type: Anonymous
2023/10/26 19:20:18 Final job part has been scheduled
2023/10/26 19:20:18 INFO: [P#0-T#0] Starting transfer: Source "\\\\?\\C:\\Temp\\ADP_MSS_kckustomac\\completed_20231026.csv" Destination "https://enterprisedatalakedev.blob.core.windows.net/enterprisedata/Raw/Payroll/PortalPayRateChange/Enterprise/ADPPortal/csv/completed_20231026.csv?sdd=6&se=2024-10-10T21%3A49%3A23Z&sig=-REDACTED-&sp=racwle&spr=https&sr=d&st=2023-10-10T13%3A49%3A23Z&sv=2022-11-02". Specified chunk size 8388608
2023/10/26 19:20:20 PERF: primary performance constraint is Unknown. States: X:  0, O:  0, M:  0, L:  0, R:  0, D:  0, W:  0, F:  0, B:  1, E:  0, T:  1, GRs: 32
2023/10/26 19:20:20 0.0 %, 0 Done, 0 Failed, 1 Pending, 0 Skipped, 1 Total, 
2023/10/26 19:20:22 PERF: primary performance constraint is Unknown. States: X:  0, O:  0, M:  0, L:  0, R:  0, D:  0, W:  0, F:  0, B:  1, E:  0, T:  1, GRs: 32
2023/10/26 19:20:22 0.0 %, 0 Done, 0 Failed, 1 Pending, 0 Skipped, 1 Total, 
2023/10/26 19:20:23 ==> REQUEST/RESPONSE (Try=1/64.9634ms, OpTime=4.9744031s) -- RESPONSE SUCCESSFULLY RECEIVED
   PUT https://enterprisedatalakedev.blob.core.windows.net/enterprisedata/Raw/Payroll/PortalPayRateChange/Enterprise/ADPPortal/csv/completed_20231026.csv?sdd=6&se=2024-10-10T21%3A49%3A23Z&sig=-REDACTED-&sp=racwle&spr=https&sr=d&st=2023-10-10T13%3A49%3A23Z&sv=2022-11-02
   X-Ms-Request-Id: [f607b2b2-e01e-0005-5c41-0854a5000000]

2023/10/26 19:20:23 ==> REQUEST/RESPONSE (Try=1/39.9762ms, OpTime=40.9201ms) -- RESPONSE SUCCESSFULLY RECEIVED
   HEAD https://enterprisedatalakedev.blob.core.windows.net/enterprisedata/Raw/Payroll/PortalPayRateChange/Enterprise/ADPPortal/csv/completed_20231026.csv?sdd=6&se=2024-10-10T21%3A49%3A23Z&sig=-REDACTED-&sp=racwle&spr=https&sr=d&st=2023-10-10T13%3A49%3A23Z&sv=2022-11-02
   X-Ms-Request-Id: [f607b38d-e01e-0005-2d41-0854a5000000]

2023/10/26 19:20:23 INFO: [P#0-T#0] UPLOADSUCCESSFUL: https://enterprisedatalakedev.blob.core.windows.net/enterprisedata/Raw/Payroll/PortalPayRateChange/Enterprise/ADPPortal/csv/completed_20231026.csv
2023/10/26 19:20:23 JobID=f2500bdd-37b6-7f40-465f-1c4c48c2b5c7, Part#=0, TransfersDone=1 of 1
2023/10/26 19:20:23 all parts of entire Job f2500bdd-37b6-7f40-465f-1c4c48c2b5c7 successfully completed, cancelled or paused
2023/10/26 19:20:23 is part of Job which 1 total number of parts done 
2023/10/26 19:20:24 PERF: primary performance constraint is Unknown. States: X:  0, O:  0, M:  0, L:  0, R:  0, D:  0, W:  0, F:  0, B:  0, E:  0, T:  0, GRs: 32
2023/10/26 19:20:24 100.0 %, 1 Done, 0 Failed, 0 Pending, 0 Skipped, 1 Total, 2-sec Throughput (Mb/s): 0.0334
2023/10/26 19:20:24 

Diagnostic stats:
IOPS: 0
End-to-end ms per request: 2506
Network Errors: 0.00%
Server Busy: 0.00%


Job f2500bdd-37b6-7f40-465f-1c4c48c2b5c7 summary
Elapsed Time (Minutes): 0.101
Number of File Transfers: 1
Number of Folder Property Transfers: 0
Number of Symlink Transfers: 0
Total Number of Transfers: 1
Number of File Transfers Completed: 1
Number of Folder Transfers Completed: 0
Number of File Transfers Failed: 0
Number of Folder Transfers Failed: 0
Number of File Transfers Skipped: 0
Number of Folder Transfers Skipped: 0
TotalBytesTransferred: 8356
Final Job Status: Completed

