2023/11/30 02:34:51 AzcopyVersion  10.20.1
2023/11/30 02:34:51 OS-Environment  windows
2023/11/30 02:34:51 OS-Architecture  amd64
2023/11/30 02:34:51 Log times are in UTC. Local time is 29 Nov 2023 20:34:51
2023/11/30 02:34:52 ISO 8601 START TIME: to copy files that changed before or after this job started, use the parameter --include-before=2023-11-30T02:34:46Z or --include-after=2023-11-30T02:34:46Z
2023/11/30 02:34:53 Any empty folders will not be processed, because source and/or destination doesn't have full folder support
2023/11/30 02:34:53 Job-Command copy https://digopsadevstorage.blob.core.windows.net/telemetry-logs/site-5ee09dfe-9624-433c-a6aa-da670a91b109-USnc/2023/11/29/00/826c9b-7188.applicationLog.csv?se=2023-12-30t02%3A34%3A50z&sig=-REDACTED-&sp=rl&sr=c&sv=2021-10-04 C:\Users\KCKUST~1\AppData\Local\Temp\17013116900710\826c9b-7188.applicationLog.csv --output-type=json --cancel-from-stdin --overwrite=prompt --check-md5 FailIfDifferent --from-to=BlobLocal --blob-type BlockBlob --recursive --log-level=INFO 
2023/11/30 02:34:53 Number of CPUs: 4
2023/11/30 02:34:53 Max file buffer RAM 2.000 GB
2023/11/30 02:34:53 Max concurrent network operations:  will be dynamically tuned up to 3000 (Based on auto-tuning limit. Set AZCOPY_CONCURRENCY_VALUE environment variable to override)
2023/11/30 02:34:53 Check CPU usage when dynamically tuning concurrency: true (Based on hard-coded default. Set AZCOPY_TUNE_TO_CPU environment variable to true or false override)
2023/11/30 02:34:53 Max concurrent transfer initiation routines: 64 (Based on hard-coded default. Set AZCOPY_CONCURRENT_FILES environment variable to override)
2023/11/30 02:34:53 Max enumeration routines: 16 (Based on hard-coded default. Set AZCOPY_CONCURRENT_SCAN environment variable to override)
2023/11/30 02:34:53 Parallelize getting file properties (file.Stat): false (Based on AZCOPY_PARALLEL_STAT_FILES environment variable)
2023/11/30 02:34:53 Max open files when downloading: 2147479959 (auto-computed)
2023/11/30 02:34:53 Final job part has been created
2023/11/30 02:34:53 Trying 4 concurrent connections (initial starting point)
2023/11/30 02:34:53 JobID=fe8e26fd-d130-584c-49b7-006c20337d47, credential type: Anonymous
2023/11/30 02:34:53 Final job part has been scheduled
2023/11/30 02:34:53 ==> REQUEST/RESPONSE (Try=1/335.0642ms, OpTime=506.6446ms) -- RESPONSE SUCCESSFULLY RECEIVED
   GET https://digopsadevstorage.blob.core.windows.net/telemetry-logs/site-5ee09dfe-9624-433c-a6aa-da670a91b109-USnc/2023/11/29/00/826c9b-7188.applicationLog.csv?se=2023-12-30T02%3A34%3A50Z&sig=-REDACTED-&sp=rl&sr=c&sv=2021-10-04&timeout=901
   X-Ms-Request-Id: [1d283334-001e-0024-3e35-2330b7000000]

2023/11/30 02:34:53 WARN: [P#0-T#0] https://digopsadevstorage.blob.core.windows.net/telemetry-logs/site-5ee09dfe-9624-433c-a6aa-da670a91b109-USnc/2023/11/29/00/826c9b-7188.applicationLog.csv?se=2023-12-30T02%3A34%3A50Z&sig=-REDACTED-&sp=rl&sr=c&sv=2021-10-04 no MD5 was stored in the Blob/File service against this file. So the downloaded data cannot be MD5-validated. Dst: \\?\C:\Users\KCKUST~1\AppData\Local\Temp\17013116900710\826c9b-7188.applicationLog.csv
2023/11/30 02:34:53 INFO: [P#0-T#0] DOWNLOADSUCCESSFUL: \\?\C:\Users\KCKUST~1\AppData\Local\Temp\17013116900710\826c9b-7188.applicationLog.csv
2023/11/30 02:34:53 JobID=fe8e26fd-d130-584c-49b7-006c20337d47, Part#=0, TransfersDone=1 of 1
2023/11/30 02:34:53 all parts of entire Job fe8e26fd-d130-584c-49b7-006c20337d47 successfully completed, cancelled or paused
2023/11/30 02:34:53 is part of Job which 1 total number of parts done 
2023/11/30 02:34:55 PERF: primary performance constraint is Unknown. States: C:  0, R:  0, W:  0, F:  0, H:  0, B:  0, S:  0, P:  0, Q:  0, D:  0, E:  0, T:  0, GRs:  4
2023/11/30 02:34:55 100.0 %, 1 Done, 0 Failed, 0 Pending, 0 Skipped, 1 Total, 2-sec Throughput (Mb/s): 0.0249
